Application/build/intermediates/manifest_merge_blame_file/debug/manifest-merger-blame-debug-report.txt
1<?xml version="1.0" encoding="utf-8"?>
2<!--
3 Copyright (C) 2014 The Android Open Source Project
4
5     Licensed under the Apache License, Version 2.0 (the "License");
6     you may not use this file except in compliance with the License.
7     You may obtain a copy of the License at
8
9          http://www.apache.org/licenses/LICENSE-2.0
10
11     Unless required by applicable law or agreed to in writing, software
12     distributed under the License is distributed on an "AS IS" BASIS,
13     WITHOUT WARRANTIES OR CONDITIONS OF ANY KIND, either express or implied.
14     See the License for the specific language governing permissions and
15     limitations under the License.
16-->
17<manifest xmlns:android="http://schemas.android.com/apk/res/android"
18    package="com.example.android.wearable.watchface" >
19
20    <uses-sdk
21        android:minSdkVersion="23"
21-->src\main\AndroidManifest.xml
22        android:targetSdkVersion="28" />
22-->src\main\AndroidManifest.xml
23
24    <!-- Permissions required by the wearable app -->
25    <uses-permission android:name="android.permission.WAKE_LOCK" />
25-->src\main\AndroidManifest.xml:21:5-68
25-->src\main\AndroidManifest.xml:21:22-65
26    <!--
27     All intent-filters for config actions must include the categories
28        com.google.android.wearable.watchface.category.COMPANION_CONFIGURATION and
29        android.intent.category.DEFAULT.
30    -->
31    <application
31-->src\main\AndroidManifest.xml:27:5-59:19
32        android:allowBackup="true"
32-->src\main\AndroidManifest.xml:28:13-39
33        android:appComponentFactory="androidx.core.app.CoreComponentFactory"
33-->[androidx.core:core:1.3.1] AndroidManifest.xml:24:18-86
34        android:debuggable="true"
35        android:extractNativeLibs="false"
36        android:icon="@drawable/ic_launcher"
36-->src\main\AndroidManifest.xml:29:13-49
37        android:label="@string/app_name"
37-->src\main\AndroidManifest.xml:30:13-45
38        android:testOnly="true"
39        android:theme="@style/AppTheme" >
39-->src\main\AndroidManifest.xml:31:13-44
40        <activity
40-->src\main\AndroidManifest.xml:33:9-43:20
41            android:name="com.example.android.wearable.watchface.DigitalWatchFaceCompanionConfigActivity"
41-->src\main\AndroidManifest.xml:34:17-72
42            android:label="@string/app_name" >
42-->src\main\AndroidManifest.xml:35:17-49
43            <intent-filter>
43-->src\main\AndroidManifest.xml:36:13-42:29
44                <action android:name="com.example.android.wearable.watchface.CONFIG_DIGITAL" />
44-->src\main\AndroidManifest.xml:37:17-96
44-->src\main\AndroidManifest.xml:37:25-93
45
46                <category android:name="com.google.android.wearable.watchface.category.COMPANION_CONFIGURATION" />
46-->src\main\AndroidManifest.xml:38:17-115
46-->src\main\AndroidManifest.xml:38:27-112
47
48                <action android:name="android.intent.action.MAIN" />
48-->src\main\AndroidManifest.xml:40:17-69
48-->src\main\AndroidManifest.xml:40:25-66
49
50                <category android:name="android.intent.category.LAUNCHER" />
50-->src\main\AndroidManifest.xml:41:17-77
50-->src\main\AndroidManifest.xml:41:27-74
51            </intent-filter>
52        </activity>
53        <activity
53-->src\main\AndroidManifest.xml:45:9-53:20
54            android:name="com.example.android.wearable.watchface.OpenGLWatchFaceConfigActivity"
54-->src\main\AndroidManifest.xml:46:17-62
55            android:label="@string/app_name" >
55-->src\main\AndroidManifest.xml:47:17-49
56            <intent-filter>
56-->src\main\AndroidManifest.xml:48:13-52:29
57                <action android:name="com.example.android.wearable.watchface.CONFIG_OPENGL" />
57-->src\main\AndroidManifest.xml:49:17-95
57-->src\main\AndroidManifest.xml:49:25-92
58
59                <category android:name="com.google.android.wearable.watchface.category.COMPANION_CONFIGURATION" />
59-->src\main\AndroidManifest.xml:38:17-115
59-->src\main\AndroidManifest.xml:38:27-112
60                <category android:name="android.intent.category.DEFAULT" />
60-->src\main\AndroidManifest.xml:51:17-76
60-->src\main\AndroidManifest.xml:51:27-73
61            </intent-filter>
62        </activity>
63
64        <meta-data
64-->src\main\AndroidManifest.xml:55:9-57:73
65            android:name="com.google.android.gms.version"
65-->src\main\AndroidManifest.xml:56:17-62
66            android:value="@integer/google_play_services_version" />
66-->src\main\AndroidManifest.xml:57:17-70
67
68        <uses-library
68-->[com.google.android.support:wearable:2.8.1] AndroidManifest.xml:10:9-12:40
69            android:name="com.google.android.wearable"
69-->[com.google.android.support:wearable:2.8.1] AndroidManifest.xml:11:13-55
70            android:required="false" />
70-->[com.google.android.support:wearable:2.8.1] AndroidManifest.xml:12:13-37
71
72        <activity
72-->[com.google.android.gms:play-services-base:17.0.0] AndroidManifest.xml:23:9-26:75
73            android:name="com.google.android.gms.common.api.GoogleApiActivity"
73-->[com.google.android.gms:play-services-base:17.0.0] AndroidManifest.xml:24:13-79
74            android:exported="false"
74-->[com.google.android.gms:play-services-base:17.0.0] AndroidManifest.xml:25:13-37
75            android:theme="@android:style/Theme.Translucent.NoTitleBar" />
75-->[com.google.android.gms:play-services-base:17.0.0] AndroidManifest.xml:26:13-72
76    </application>
77
78</manifest>